[25-Jun-2019 12:47:15 Europe/Berlin] PHP Warning:  Missing argument 1 for changePathByEnv(), called in /Applications/XAMPP/xamppfiles/htdocs/gs/dev13/hi-chip/profile_sent.php on line 113 and defined in /Applications/XAMPP/xamppfiles/htdocs/gs/dev13/hi-chip/funcs.php on line 17
[25-Jun-2019 12:47:15 Europe/Berlin] PHP Notice:  Undefined variable: path in /Applications/XAMPP/xamppfiles/htdocs/gs/dev13/hi-chip/funcs.php on line 21
[25-Jun-2019 12:47:35 Europe/Berlin] PHP Warning:  Missing argument 1 for changePathByEnv(), called in /Applications/XAMPP/xamppfiles/htdocs/gs/dev13/hi-chip/profile_sent.php on line 113 and defined in /Applications/XAMPP/xamppfiles/htdocs/gs/dev13/hi-chip/funcs.php on line 17
[25-Jun-2019 12:47:35 Europe/Berlin] PHP Notice:  Undefined variable: path in /Applications/XAMPP/xamppfiles/htdocs/gs/dev13/hi-chip/funcs.php on line 21
[25-Jun-2019 12:47:38 Europe/Berlin] PHP Warning:  Missing argument 1 for changePathByEnv(), called in /Applications/XAMPP/xamppfiles/htdocs/gs/dev13/hi-chip/profile_sent.php on line 113 and defined in /Applications/XAMPP/xamppfiles/htdocs/gs/dev13/hi-chip/funcs.php on line 17
[25-Jun-2019 12:47:38 Europe/Berlin] PHP Notice:  Undefined variable: path in /Applications/XAMPP/xamppfiles/htdocs/gs/dev13/hi-chip/funcs.php on line 21
[25-Jun-2019 12:47:43 Europe/Berlin] PHP Warning:  Missing argument 1 for changePathByEnv(), called in /Applications/XAMPP/xamppfiles/htdocs/gs/dev13/hi-chip/profile_sent.php on line 113 and defined in /Applications/XAMPP/xamppfiles/htdocs/gs/dev13/hi-chip/funcs.php on line 17
[25-Jun-2019 12:47:43 Europe/Berlin] PHP Notice:  Undefined variable: path in /Applications/XAMPP/xamppfiles/htdocs/gs/dev13/hi-chip/funcs.php on line 21
[25-Jun-2019 12:48:41 Europe/Berlin] PHP Warning:  Missing argument 1 for changePathByEnv(), called in /Applications/XAMPP/xamppfiles/htdocs/gs/dev13/hi-chip/profile_sent.php on line 113 and defined in /Applications/XAMPP/xamppfiles/htdocs/gs/dev13/hi-chip/funcs.php on line 17
[25-Jun-2019 12:48:41 Europe/Berlin] PHP Notice:  Undefined variable: path in /Applications/XAMPP/xamppfiles/htdocs/gs/dev13/hi-chip/funcs.php on line 21
[25-Jun-2019 12:54:00 Europe/Berlin] PHP Notice:  Undefined index: user_id in /Applications/XAMPP/xamppfiles/htdocs/gs/dev13/hi-chip/funcs.php on line 53
[25-Jun-2019 12:54:00 Europe/Berlin] PHP Notice:  Undefined index: user_id in /Applications/XAMPP/xamppfiles/htdocs/gs/dev13/hi-chip/funcs.php on line 70
[25-Jun-2019 12:54:00 Europe/Berlin] PHP Notice:  Undefined index: user_id in /Applications/XAMPP/xamppfiles/htdocs/gs/dev13/hi-chip/funcs.php on line 88
[25-Jun-2019 12:54:00 Europe/Berlin] PHP Notice:  Undefined index: user_id in /Applications/XAMPP/xamppfiles/htdocs/gs/dev13/hi-chip/sidebar.php on line 41
[25-Jun-2019 13:33:37 Europe/Berlin] PHP Notice:  Undefined variable: urlStr in /Applications/XAMPP/xamppfiles/htdocs/gs/dev13/hi-chip/profile_sent.php on line 122
[25-Jun-2019 15:53:36 Europe/Berlin] PHP Warning:  include(): http:// wrapper is disabled in the server configuration by allow_url_include=0 in /Applications/XAMPP/xamppfiles/htdocs/gs/dev13/hi-chip/timeline.php on line 150
[25-Jun-2019 15:53:36 Europe/Berlin] PHP Warning:  include(http://localhost/gs/dev13/hi-chip/header1.php): failed to open stream: no suitable wrapper could be found in /Applications/XAMPP/xamppfiles/htdocs/gs/dev13/hi-chip/timeline.php on line 150
[25-Jun-2019 15:53:36 Europe/Berlin] PHP Warning:  include(): Failed opening 'http://localhost/gs/dev13/hi-chip/header1.php' for inclusion (include_path='.:/Applications/XAMPP/xamppfiles/lib/php') in /Applications/XAMPP/xamppfiles/htdocs/gs/dev13/hi-chip/timeline.php on line 150
[25-Jun-2019 15:54:08 Europe/Berlin] PHP Warning:  include(): http:// wrapper is disabled in the server configuration by allow_url_include=0 in /Applications/XAMPP/xamppfiles/htdocs/gs/dev13/hi-chip/timeline.php on line 150
[25-Jun-2019 15:54:08 Europe/Berlin] PHP Warning:  include(http://localhost/gs/dev13/hi-chip/header1.php): failed to open stream: no suitable wrapper could be found in /Applications/XAMPP/xamppfiles/htdocs/gs/dev13/hi-chip/timeline.php on line 150
[25-Jun-2019 15:54:08 Europe/Berlin] PHP Warning:  include(): Failed opening 'http://localhost/gs/dev13/hi-chip/header1.php' for inclusion (include_path='.:/Applications/XAMPP/xamppfiles/lib/php') in /Applications/XAMPP/xamppfiles/htdocs/gs/dev13/hi-chip/timeline.php on line 150
